{
  "RSpec": {
    "coverage": {
      "/Users/adamjonas/Projects/simple-checkout/lib/simple_checkout.rb": [
        1,
        1,
        1,
        1,
        1
      ],
      "/Users/adamjonas/Projects/simple-checkout/lib/item.rb": [
        1,
        1,
        1,
        1,
        28,
        27,
        null,
        null,
        1,
        2,
        null,
        null,
        null
      ],
      "/Users/adamjonas/Projects/simple-checkout/lib/checkout.rb": [
        1,
        1,
        1,
        1,
        8,
        8,
        null,
        null,
        1,
        7,
        7,
        7,
        7,
        null,
        null,
        1,
        2,
        2,
        null,
        null,
        1,
        26,
        null,
        null,
        null
      ],
      "/Users/adamjonas/Projects/simple-checkout/lib/shopper.rb": [
        1,
        1,
        1,
        1,
        5,
        null,
        null,
        1,
        2,
        2,
        2,
        null,
        null,
        null
      ],
      "/Users/adamjonas/Projects/simple-checkout/lib/inventory.rb": [
        1,
        1,
        null,
        null,
        null,
        null,
        null,
        null,
        null,
        null,
        null,
        null,
        null
      ],
      "/Users/adamjonas/Projects/simple-checkout/lib/core_extensions.rb": [
        1,
        1,
        13,
        null,
        null
      ],
      "/Users/adamjonas/Projects/simple-checkout/spec/checkout_spec.rb": [
        1,
        1,
        8,
        3,
        6,
        6,
        3,
        3,
        null,
        1,
        1,
        2,
        null,
        null,
        1,
        2,
        null,
        null,
        null,
        1,
        2,
        1,
        1,
        1,
        null,
        null,
        null,
        1,
        3,
        1,
        1,
        1,
        null,
        null,
        1,
        1,
        1,
        1,
        null,
        1,
        1,
        null,
        1,
        1,
        null,
        null,
        null,
        1,
        2,
        2,
        null,
        1,
        1,
        1,
        1,
        null,
        null,
        1,
        1,
        1,
        1,
        null,
        null,
        null,
        1,
        2,
        1,
        1,
        1,
        null,
        null,
        null,
        1,
        2,
        1,
        1,
        4,
        1,
        null,
        null,
        null,
        null
      ],
      "/Users/adamjonas/Projects/simple-checkout/spec/core_extensions_spec.rb": [
        1,
        1,
        1,
        1,
        1,
        1,
        1,
        null,
        null,
        null
      ],
      "/Users/adamjonas/Projects/simple-checkout/spec/inventory_spec.rb": [
        1,
        1,
        2,
        1,
        1,
        null,
        null,
        null
      ],
      "/Users/adamjonas/Projects/simple-checkout/spec/item_spec.rb": [
        1,
        1,
        2,
        null,
        1,
        1,
        2,
        null,
        null,
        1,
        2,
        null,
        null,
        null,
        1,
        1,
        1,
        null,
        null,
        null,
        1,
        1,
        1,
        null,
        null,
        null,
        1,
        1,
        1,
        null,
        null,
        null,
        null
      ],
      "/Users/adamjonas/Projects/simple-checkout/spec/shopper_spec.rb": [
        1,
        1,
        6,
        1,
        1,
        1,
        null,
        null,
        1,
        1,
        null,
        null,
        null,
        1,
        1,
        1,
        null,
        null,
        null,
        1,
        1,
        1,
        1,
        null,
        null,
        1,
        1,
        1,
        null,
        null,
        null,
        null
      ]
    },
    "timestamp": 1611255902
  }
}
